<?xml version="1.0" encoding="UTF-8"?>
<testng-results ignored="0" total="1" passed="1" failed="0" skipped="0">
  <reporter-output>
  </reporter-output>
  <suite started-at="2020-12-04T08:34:11Z" name="Suite" finished-at="2020-12-04T08:34:39Z" duration-ms="27452">
    <groups>
    </groups>
    <test started-at="2020-12-04T08:34:11Z" name="Test" finished-at="2020-12-04T08:34:39Z" duration-ms="27452">
      <class name="pack1.Test_facebook">
        <test-method signature="face()[pri:0, instance:pack1.Test_facebook@379614be]" started-at="2020-12-04T08:34:11Z" name="face" finished-at="2020-12-04T08:34:38Z" duration-ms="26816" status="PASS">
          <reporter-output>
          </reporter-output>
        </test-method> <!-- face -->
      </class> <!-- pack1.Test_facebook -->
    </test> <!-- Test -->
  </suite> <!-- Suite -->
</testng-results>
